INFO:root:

Reading file started
INFO:root:duhc.png to be added to the server
INFO:root:

Reading file started
INFO:root:duhc.jpg to be added to the server
INFO:root:File opened and beginning upload
INFO:root:uploading...
INFO:root:uploading...
INFO:root:uploading...
INFO:root:uploading...
INFO:root:uploading...
INFO:root:uploading...
INFO:root:uploading...
INFO:root:uploading...
INFO:root:uploading...
INFO:root:uploading...
INFO:root:uploading...
INFO:root:uploading...
INFO:root:uploading...
INFO:root:uploading...
INFO:root:uploading...
INFO:root:uploading...
INFO:root:uploading...
INFO:root:uploading...
INFO:root:uploading...
INFO:root:Reading File Complete
INFO:root:

Reading file started
INFO:root:duhc.jpg to be added to the server
INFO:root:File opened and beginning upload
INFO:root:uploading...
INFO:root:uploading...
INFO:root:uploading...
INFO:root:uploading...
INFO:root:uploading...
INFO:root:uploading...
INFO:root:uploading...
INFO:root:uploading...
INFO:root:uploading...
INFO:root:uploading...
INFO:root:uploading...
INFO:root:uploading...
INFO:root:uploading...
INFO:root:uploading...
INFO:root:uploading...
INFO:root:uploading...
INFO:root:uploading...
INFO:root:uploading...
INFO:root:uploading...
INFO:root:Reading File Complete
INFO:root:

Writing file started
INFO:root:dog.jpg to be added to the server
INFO:root:File opened and beginning download
INFO:root:Downloading...
INFO:root:Downloading...
INFO:root:Downloading...
INFO:root:Downloading...
INFO:root:Downloading...
INFO:root:Downloading...
INFO:root:Downloading...
INFO:root:Downloading...
INFO:root:Downloading...
INFO:root:Downloading...
INFO:root:Downloading...
INFO:root:Downloading...
INFO:root:Downloading...
INFO:root:Downloading...
INFO:root:Downloading...
INFO:root:Downloading...
INFO:root:Downloading...
INFO:root:Downloading...
INFO:root:Downloading...
INFO:root:Downloading...
INFO:root:Downloading...
INFO:root:Downloading...
INFO:root:Downloading...
INFO:root:Downloading...
INFO:root:Downloading...
INFO:root:Downloading...
INFO:root:Downloading...
INFO:root:Downloading...
INFO:root:Downloading...
INFO:root:Downloading...
INFO:root:Downloading...
INFO:root:Downloading...
INFO:root:Downloading...
INFO:root:Downloading...
INFO:root:Downloading...
INFO:root:Downloading...
INFO:root:Downloading...
INFO:root:Downloading...
INFO:root:Downloading...
INFO:root:Downloading...
INFO:root:Downloading...
INFO:root:Downloading...
INFO:root:Downloading...
INFO:root:Downloading...
INFO:root:Downloading...
INFO:root:Downloading...
INFO:root:Downloading...
INFO:root:Downloading...
INFO:root:Downloading...
INFO:root:Downloading...
INFO:root:Downloading...
INFO:root:Downloading...
INFO:root:Downloading...
INFO:root:Downloading...
INFO:root:Downloading...
INFO:root:Downloading...
INFO:root:Downloading...
INFO:root:Downloading...
INFO:root:Downloading...
INFO:root:Downloading...
INFO:root:Downloading...
INFO:root:Downloading...
INFO:root:Downloading...
INFO:root:Downloading...
INFO:root:Downloading...
INFO:root:Downloading...
INFO:root:Downloading...
INFO:root:Downloading...
INFO:root:Downloading...
INFO:root:Downloading...
INFO:root:Downloading...
INFO:root:Downloading...
INFO:root:Downloading...
INFO:root:Downloading...
INFO:root:Downloading...
INFO:root:Downloading...
INFO:root:Downloading...
INFO:root:Downloading...
INFO:root:Downloading...
INFO:root:Downloading...
INFO:root:Downloading...
INFO:root:Downloading...
INFO:root:Downloading...
INFO:root:Downloading...
INFO:root:Downloading...
INFO:root:Downloading...
INFO:root:Downloading...
INFO:root:Downloading...
INFO:root:Downloading...
INFO:root:Downloading...
INFO:root:Downloading...
INFO:root:Downloading...
INFO:root:Downloading...
INFO:root:Downloading...
INFO:root:Downloading...
INFO:root:Downloading...
INFO:root:Downloading...
INFO:root:Downloading...
INFO:root:Downloading...
INFO:root:Downloading...
INFO:root:Downloading...
INFO:root:Downloading...
INFO:root:Downloading...
INFO:root:Downloading...
INFO:root:Downloading...
INFO:root:Downloading...
INFO:root:Downloading...
INFO:root:Downloading...
INFO:root:Downloading...
INFO:root:Downloading...
INFO:root:Downloading...
INFO:root:Downloading...
INFO:root:Downloading...
INFO:root:Downloading...
INFO:root:Downloading...
INFO:root:Downloading...
INFO:root:Downloading...
INFO:root:Downloading...
INFO:root:Downloading...
INFO:root:Downloading...
INFO:root:Downloading...
INFO:root:Downloading...
INFO:root:Downloading...
INFO:root:Downloading...
INFO:root:Downloading...
INFO:root:Downloading...
INFO:root:Downloading...
INFO:root:Downloading...
INFO:root:Downloading...
INFO:root:Downloading...
INFO:root:Downloading...
INFO:root:Downloading...
INFO:root:Downloading...
INFO:root:Downloading...
INFO:root:Downloading...
INFO:root:Downloading...
INFO:root:Downloading...
INFO:root:Downloading...
INFO:root:Downloading...
INFO:root:Downloading...
INFO:root:Downloading...
INFO:root:Downloading...
INFO:root:Downloading...
INFO:root:Downloading...
INFO:root:Downloading...
INFO:root:Downloading...
INFO:root:Downloading...
INFO:root:Downloading...
INFO:root:Downloading...
INFO:root:Downloading...
INFO:root:Downloading...
INFO:root:Downloading...
INFO:root:Downloading...
INFO:root:Downloading...
INFO:root:Downloading...
INFO:root:Downloading...
INFO:root:Downloading...
INFO:root:Downloading...
INFO:root:Downloading...
INFO:root:Downloading...
INFO:root:Downloading...
INFO:root:Downloading...
INFO:root:Downloading...
INFO:root:Downloading...
INFO:root:Downloading...
INFO:root:Downloading...
INFO:root:Downloading...
INFO:root:Downloading...
INFO:root:Downloading...
INFO:root:Downloading...
INFO:root:Downloading...
INFO:root:Downloading...
INFO:root:Downloading...
INFO:root:Downloading...
INFO:root:Downloading...
INFO:root:Downloading...
INFO:root:Downloading...
INFO:root:Downloading...
INFO:root:Downloading...
INFO:root:Downloading...
INFO:root:Downloading...
INFO:root:Downloading...
INFO:root:Downloading...
INFO:root:Downloading...
INFO:root:Downloading...
INFO:root:Downloading...
INFO:root:Downloading...
INFO:root:Downloading...
INFO:root:Downloading...
INFO:root:Downloading...
INFO:root:Downloading...
INFO:root:Downloading...
INFO:root:Downloading...
INFO:root:Downloading...
INFO:root:Downloading...
INFO:root:Downloading...
INFO:root:Downloading...
INFO:root:Downloading...
INFO:root:Downloading...
INFO:root:Downloading...
INFO:root:Downloading...
INFO:root:Downloading...
INFO:root:Downloading...
INFO:root:Downloading...
INFO:root:Downloading...
INFO:root:Downloading...
INFO:root:Downloading...
INFO:root:Downloading...
INFO:root:Downloading...
INFO:root:Downloading...
INFO:root:Downloading...
INFO:root:Downloading...
INFO:root:Downloading...
INFO:root:Downloading...
INFO:root:Downloading...
INFO:root:Downloading...
INFO:root:Downloading...
INFO:root:Downloading...
INFO:root:Downloading...
INFO:root:Downloading...
INFO:root:Downloading...
INFO:root:Downloading...
INFO:root:Downloading...
INFO:root:Downloading...
INFO:root:Downloading...
INFO:root:Downloading...
INFO:root:Downloading...
INFO:root:Downloading...
INFO:root:Downloading...
INFO:root:Downloading...
INFO:root:Downloading...
INFO:root:Downloading...
INFO:root:Downloading...
INFO:root:Downloading...
INFO:root:Downloading...
INFO:root:Downloading...
INFO:root:Downloading...
INFO:root:Downloading...
INFO:root:Downloading...
INFO:root:Downloading...
INFO:root:Downloading...
INFO:root:Downloading...
INFO:root:Downloading...
INFO:root:Downloading...
INFO:root:Downloading...
INFO:root:Downloading...
INFO:root:Downloading...
INFO:root:Downloading...
INFO:root:Downloading...
INFO:root:Downloading...
INFO:root:Downloading...
INFO:root:Downloading...
INFO:root:Downloading...
INFO:root:Downloading...
INFO:root:Downloading...
INFO:root:Downloading...
INFO:root:Downloading...
INFO:root:Downloading...
INFO:root:Downloading...
INFO:root:Downloading...
INFO:root:Downloading...
INFO:root:Downloading...
INFO:root:Downloading...
INFO:root:Downloading...
INFO:root:Downloading...
INFO:root:Downloading...
INFO:root:Downloading...
INFO:root:Downloading...
INFO:root:Downloading...
INFO:root:Downloading...
INFO:root:Downloading...
INFO:root:Downloading...
INFO:root:Downloading...
INFO:root:Downloading...
INFO:root:Downloading...
INFO:root:Downloading...
INFO:root:Downloading...
INFO:root:Downloading...
INFO:root:Downloading...
INFO:root:Downloading...
INFO:root:Downloading...
INFO:root:Downloading...
INFO:root:Downloading...
INFO:root:Downloading...
INFO:root:Downloading...
INFO:root:Downloading...
INFO:root:Downloading...
INFO:root:Downloading...
INFO:root:Downloading...
INFO:root:Downloading...
INFO:root:Downloading...
INFO:root:Downloading...
INFO:root:Downloading...
INFO:root:Downloading...
INFO:root:Downloading...
INFO:root:Downloading...
INFO:root:Downloading...
INFO:root:Downloading...
INFO:root:Downloading...
INFO:root:Downloading...
INFO:root:Downloading...
INFO:root:Downloading...
INFO:root:Downloading...
INFO:root:Downloading...
INFO:root:Downloading...
INFO:root:Downloading...
INFO:root:Downloading...
INFO:root:Downloading...
INFO:root:Downloading...
INFO:root:Downloading...
INFO:root:Downloading...
INFO:root:Downloading...
INFO:root:Downloading...
INFO:root:Downloading...
INFO:root:Downloading...
INFO:root:Downloading...
INFO:root:Downloading...
INFO:root:Downloading...
INFO:root:Downloading...
INFO:root:Downloading...
INFO:root:Downloading...
INFO:root:Downloading...
INFO:root:Downloading...
INFO:root:Downloading...
INFO:root:Downloading...
INFO:root:Downloading...
INFO:root:Downloading...
INFO:root:Downloading...
INFO:root:Downloading...
INFO:root:Downloading...
INFO:root:Downloading...
INFO:root:Downloading...
INFO:root:Downloading...
INFO:root:Downloading...
INFO:root:Downloading...
INFO:root:Downloading...
INFO:root:Downloading...
INFO:root:Downloading...
INFO:root:Downloading...
INFO:root:Downloading...
INFO:root:Downloading...
INFO:root:Downloading...
INFO:root:Downloading...
INFO:root:Downloading...
INFO:root:Downloading...
INFO:root:Downloading...
INFO:root:Downloading...
INFO:root:Downloading...
INFO:root:Downloading...
INFO:root:Downloading...
INFO:root:Downloading...
INFO:root:Downloading...
INFO:root:Downloading...
INFO:root:Downloading...
INFO:root:Downloading...
INFO:root:Downloading...
INFO:root:Downloading...
INFO:root:Downloading...
INFO:root:Downloading...
INFO:root:Downloading...
INFO:root:Downloading...
INFO:root:Downloading...
INFO:root:Downloading...
INFO:root:Downloading...
INFO:root:Downloading...
INFO:root:Downloading...
INFO:root:Downloading...
INFO:root:Downloading...
INFO:root:Downloading...
INFO:root:Downloading...
INFO:root:Downloading...
INFO:root:Downloading...
INFO:root:Downloading...
INFO:root:Downloading...
INFO:root:Downloading...
INFO:root:Downloading...
INFO:root:Downloading...
INFO:root:Downloading...
INFO:root:Downloading...
INFO:root:Downloading...
INFO:root:Downloading...
INFO:root:Downloading...
INFO:root:Downloading...
INFO:root:Downloading...
INFO:root:Downloading...
INFO:root:Downloading...
INFO:root:Downloading...
INFO:root:Downloading...
INFO:root:Downloading...
INFO:root:Downloading...
INFO:root:Downloading...
INFO:root:Downloading...
INFO:root:Downloading...
INFO:root:Downloading...
INFO:root:Downloading...
INFO:root:Downloading...
INFO:root:Downloading...
INFO:root:Downloading...
INFO:root:Downloading...
INFO:root:Downloading...
INFO:root:Downloading...
INFO:root:Downloading...
INFO:root:Downloading...
INFO:root:Downloading...
INFO:root:Downloading...
INFO:root:Downloading...
INFO:root:Downloading...
INFO:root:Downloading...
INFO:root:Downloading...
INFO:root:Downloading...
INFO:root:Downloading...
INFO:root:Downloading...
INFO:root:Downloading...
INFO:root:Downloading...
INFO:root:Downloading...
INFO:root:Downloading...
INFO:root:Downloading...
INFO:root:Downloading...
INFO:root:Downloading...
INFO:root:Downloading...
INFO:root:Downloading...
INFO:root:Downloading...
INFO:root:Downloading...
INFO:root:Downloading...
INFO:root:Downloading...
INFO:root:Downloading...
INFO:root:Downloading...
INFO:root:Downloading...
INFO:root:Downloading...
INFO:root:Downloading...
INFO:root:Downloading...
INFO:root:Downloading...
INFO:root:Downloading...
INFO:root:Downloading...
INFO:root:Downloading...
INFO:root:Downloading...
INFO:root:Downloading...
INFO:root:Downloading...
INFO:root:Downloading...
INFO:root:Downloading...
INFO:root:Downloading...
INFO:root:Downloading...
INFO:root:Downloading...
INFO:root:Downloading...
INFO:root:Downloading...
INFO:root:Downloading...
INFO:root:Downloading...
INFO:root:Downloading...
INFO:root:Downloading...
INFO:root:Downloading...
INFO:root:Downloading...
INFO:root:Downloading...
INFO:root:Downloading...
INFO:root:Downloading...
INFO:root:Downloading...
INFO:root:Downloading...
INFO:root:Downloading...
INFO:root:Downloading...
INFO:root:Downloading...
INFO:root:Downloading...
INFO:root:Downloading...
INFO:root:Downloading...
INFO:root:Downloading...
INFO:root:Downloading...
INFO:root:Downloading...
INFO:root:Downloading...
INFO:root:Downloading...
INFO:root:Downloading...
INFO:root:Downloading...
INFO:root:Downloading...
INFO:root:Downloading...
INFO:root:Downloading...
INFO:root:Downloading...
INFO:root:Downloading...
INFO:root:Downloading...
INFO:root:Downloading...
INFO:root:Downloading...
INFO:root:Downloading...
INFO:root:Downloading...
INFO:root:Downloading...
INFO:root:Downloading...
INFO:root:Downloading...
INFO:root:Downloading...
INFO:root:Downloading...
INFO:root:Downloading...
INFO:root:Downloading...
INFO:root:Downloading...
INFO:root:Downloading...
INFO:root:Downloading...
INFO:root:Downloading...
INFO:root:Downloading...
INFO:root:Downloading...
INFO:root:Downloading...
INFO:root:Downloading...
INFO:root:Downloading...
INFO:root:Downloading...
INFO:root:Downloading...
INFO:root:Downloading...
INFO:root:Downloading...
INFO:root:Downloading...
INFO:root:Downloading...
INFO:root:Downloading...
INFO:root:Downloading...
INFO:root:Downloading...
INFO:root:Downloading...
INFO:root:Downloading...
INFO:root:Downloading...
INFO:root:Downloading...
INFO:root:Downloading...
INFO:root:Downloading...
INFO:root:Downloading...
INFO:root:Downloading...
INFO:root:Downloading...
INFO:root:Downloading...
INFO:root:Downloading...
INFO:root:Downloading...
INFO:root:Downloading...
INFO:root:Downloading...
INFO:root:Downloading...
INFO:root:Downloading...
INFO:root:Downloading...
INFO:root:Downloading...
INFO:root:Downloading...
INFO:root:Downloading...
INFO:root:Downloading...
INFO:root:Downloading...
INFO:root:Downloading...
INFO:root:Downloading...
INFO:root:Downloading...
INFO:root:Downloading...
INFO:root:Downloading...
INFO:root:Downloading...
INFO:root:Downloading...
INFO:root:Downloading...
INFO:root:Downloading...
INFO:root:Downloading...
INFO:root:Downloading...
INFO:root:Downloading...
INFO:root:Downloading...
INFO:root:Downloading...
INFO:root:Downloading...
INFO:root:Writing File Complete
