INFO:root:Decrypted: 8066103405216110
2016-01-30 21:56:59.165464
INFO:root:Decrypted: WRITE
beer.jpg

INFO:root:Decrypted: 8066103405216110
2016-01-30 21:58:49.943873
INFO:root:Decrypted: WRITE
beer.jpg

INFO:root:Decrypted: 8458326675662339
2016-01-30 22:02:16.169892
INFO:root:Decrypted: WRITE
beer.jpg

INFO:root:Decrypted: 8458326675662339
2016-01-30 22:03:55.121758
INFO:root:Decrypted: WRITE
beer.jpg

INFO:root:Decrypted: 1522162338282053
2016-01-30 22:06:17.022422
INFO:root:Decrypted: WRITE
beer.jpg

INFO:root:Decrypted: 1522162338282053
2016-01-30 22:06:52.796847
INFO:root:Decrypted: WRITE
beer.jpg

INFO:root:Decrypted: 1522162338282053
2016-01-30 22:07:19.378288
INFO:root:Decrypted: WRITE
beer.jpg

INFO:root:Decrypted: 1522162338282053
2016-01-30 22:09:18.602934
INFO:root:Decrypted: WRITE
beer.jpg

INFO:root:Decrypted: 4790308042558391
2016-01-30 22:09:51.077743
INFO:root:Decrypted: WRITE
beer.jp
INFO:root:Decrypted: 4790308042558391
2016-01-30 22:10:56.156141
INFO:root:Decrypted: WRITE
beer.jp
INFO:root:Decrypted: 9441887994338097
2016-01-30 22:12:25.317982
INFO:root:Decrypted: WRITE
beer.jpg

INFO:root:Decrypted: 9441887994338097
2016-01-30 22:13:48.551643
INFO:root:Decrypted: WRITE
duhc.jpg

INFO:root:Decrypted: 9441887994338097
2016-01-30 22:27:08.553038
INFO:root:Decrypted: WRITE
duhc.jpg

INFO:root:Decrypted: 9441887994338097
2016-01-30 22:27:08.674688
INFO:root:Decrypted: READ
duhc.jpg

INFO:root:Decrypted: 9441887994338097
2016-01-30 22:30:36.156765
INFO:root:Decrypted: WRITE
duhc.jpg

INFO:root:Decrypted: 9441887994338097
2016-01-30 22:30:36.220226
INFO:root:Decrypted: READ
duhc.jpg

INFO:root:Decrypted: 8631700827479080
2016-01-30 22:31:39.917860
INFO:root:Decrypted: WRITE
duhc.jpg

INFO:root:Decrypted: 8631700827479080
2016-01-30 22:31:40.060311
INFO:root:Decrypted: READ
duhc.jpg

INFO:root:Decrypted: 8631700827479080
2016-01-30 22:33:48.561098
INFO:root:Decrypted: WRITE
duhc.jpg

INFO:root:Decrypted: 8631700827479080
2016-01-30 22:33:48.642678
INFO:root:Decrypted: READ
duhc.jpg

INFO:root:Decrypted: 8631700827479080
2016-01-30 22:33:55.588814
INFO:root:Decrypted: WRITE
duhc.jpg

INFO:root:Decrypted: 8631700827479080
2016-01-30 22:34:03.212218
INFO:root:Decrypted: WRITE
duhc.jpg

INFO:root:Decrypted: 8631700827479080
2016-01-30 22:34:03.287742
INFO:root:Decrypted: READ
duhc.jpg

INFO:root:Decrypted: 8631700827479080
2016-01-30 22:34:03.455800
INFO:root:Decrypted: READ
distributed.reallyfun

INFO:root:Decrypted: 8631700827479080
2016-01-30 22:35:54.912888
INFO:root:Decrypted: WRITE
duhc.jpg

INFO:root:Decrypted: 8631700827479080
2016-01-30 22:35:55.010303
INFO:root:Decrypted: READ
duhc.jpg

INFO:root:Decrypted: 8631700827479080
2016-01-30 22:35:55.096002
INFO:root:Decrypted: READ
distributed.reallyfun

