INFO:root:Encrypted: 0.0.0.0
7070
INFO:root:Decrypted: 
INFO:root:Decrypted: 7249087283734880
2016-02-04 13:49:24.120574
INFO:root:Decrypted: WRITE
duhc.jpg

INFO:root:

Writing file started
INFO:root:duhc.jpg to be added to the server
INFO:root:File opened and beginning download
INFO:root:Downloading...
INFO:root:Downloading...
INFO:root:Downloading...
INFO:root:Downloading...
INFO:root:Downloading...
INFO:root:Downloading...
INFO:root:Downloading...
INFO:root:Downloading...
INFO:root:Downloading...
INFO:root:Downloading...
INFO:root:Downloading...
INFO:root:Downloading...
INFO:root:Downloading...
INFO:root:Downloading...
INFO:root:Downloading...
INFO:root:Downloading...
INFO:root:Downloading...
INFO:root:Downloading...
INFO:root:Downloading...
INFO:root:Writing File Complete
INFO:root:Decrypted: 7249087283734880
2016-02-04 13:49:30.124640
INFO:root:Decrypted: READ
duhc.jpg

INFO:root:

Reading file started
INFO:root:duhc.jpg to be added to the server
INFO:root:File opened and beginning upload
INFO:root:uploading...
INFO:root:uploading...
INFO:root:uploading...
INFO:root:uploading...
INFO:root:uploading...
INFO:root:uploading...
INFO:root:uploading...
INFO:root:uploading...
INFO:root:uploading...
INFO:root:uploading...
INFO:root:uploading...
INFO:root:uploading...
INFO:root:uploading...
INFO:root:uploading...
INFO:root:uploading...
INFO:root:uploading...
INFO:root:uploading...
INFO:root:uploading...
INFO:root:uploading...
INFO:root:Reading File Complete
INFO:root:Decrypted: 9375156971058742
2016-02-04 16:48:21.110862
INFO:root:Decrypted: WRITE
duhc.jpg

INFO:root:

Writing file started
INFO:root:duhc.jpg to be added to the server
INFO:root:File opened and beginning download
INFO:root:Downloading...
INFO:root:Downloading...
INFO:root:Downloading...
INFO:root:Downloading...
INFO:root:Downloading...
INFO:root:Downloading...
INFO:root:Downloading...
INFO:root:Downloading...
INFO:root:Downloading...
INFO:root:Downloading...
INFO:root:Downloading...
INFO:root:Downloading...
INFO:root:Downloading...
INFO:root:Downloading...
INFO:root:Downloading...
INFO:root:Downloading...
INFO:root:Downloading...
INFO:root:Downloading...
INFO:root:Downloading...
INFO:root:Writing File Complete
INFO:root:Decrypted: 9375156971058742
2016-02-04 16:48:23.119491
INFO:root:Decrypted: READ
duhc.jpg

INFO:root:

Reading file started
INFO:root:duhc.jpg to be added to the server
INFO:root:File opened and beginning upload
INFO:root:uploading...
INFO:root:uploading...
INFO:root:uploading...
INFO:root:uploading...
INFO:root:uploading...
INFO:root:uploading...
INFO:root:uploading...
INFO:root:uploading...
INFO:root:uploading...
INFO:root:uploading...
INFO:root:uploading...
INFO:root:uploading...
INFO:root:uploading...
INFO:root:uploading...
INFO:root:uploading...
INFO:root:uploading...
INFO:root:uploading...
INFO:root:uploading...
INFO:root:uploading...
INFO:root:Reading File Complete
